Usage: python -m mcp_agent_mail.cli serve-http [OPTIONS]
Try 'python -m mcp_agent_mail.cli serve-http --help' for help.
╭─ Error ──────────────────────────────────────────────────────────────────────╮
│ Got unexpected extra argument (serve)                                        │
╰──────────────────────────────────────────────────────────────────────────────╯
[supervisor] daemon exited with error: exit status 2
[supervisor] restarting in 1s (attempt 1/5)
Usage: python -m mcp_agent_mail.cli serve-http [OPTIONS]
Try 'python -m mcp_agent_mail.cli serve-http --help' for help.
╭─ Error ──────────────────────────────────────────────────────────────────────╮
│ Got unexpected extra argument (serve)                                        │
╰──────────────────────────────────────────────────────────────────────────────╯
[supervisor] daemon exited with error: exit status 2
[supervisor] restarting in 2s (attempt 2/5)
Usage: python -m mcp_agent_mail.cli serve-http [OPTIONS]
Try 'python -m mcp_agent_mail.cli serve-http --help' for help.
╭─ Error ──────────────────────────────────────────────────────────────────────╮
│ Got unexpected extra argument (serve)                                        │
╰──────────────────────────────────────────────────────────────────────────────╯
[supervisor] daemon exited with error: exit status 2
[supervisor] restarting in 4s (attempt 3/5)
Usage: python -m mcp_agent_mail.cli serve-http [OPTIONS]
Try 'python -m mcp_agent_mail.cli serve-http --help' for help.
╭─ Error ──────────────────────────────────────────────────────────────────────╮
│ Got unexpected extra argument (serve)                                        │
╰──────────────────────────────────────────────────────────────────────────────╯
[supervisor] daemon exited with error: exit status 2
[supervisor] restarting in 8s (attempt 4/5)
Usage: python -m mcp_agent_mail.cli serve-http [OPTIONS]
Try 'python -m mcp_agent_mail.cli serve-http --help' for help.
╭─ Error ──────────────────────────────────────────────────────────────────────╮
│ Got unexpected extra argument (serve)                                        │
╰──────────────────────────────────────────────────────────────────────────────╯
[supervisor] daemon exited with error: exit status 2
[supervisor] restarting in 16s (attempt 5/5)
Usage: python -m mcp_agent_mail.cli serve-http [OPTIONS]
Try 'python -m mcp_agent_mail.cli serve-http --help' for help.
╭─ Error ──────────────────────────────────────────────────────────────────────╮
│ Got unexpected extra argument (serve)                                        │
╰──────────────────────────────────────────────────────────────────────────────╯
Usage: python -m mcp_agent_mail.cli serve-http [OPTIONS]
Try 'python -m mcp_agent_mail.cli serve-http --help' for help.
╭─ Error ──────────────────────────────────────────────────────────────────────╮
│ Got unexpected extra argument (serve)                                        │
╰──────────────────────────────────────────────────────────────────────────────╯
[supervisor] daemon exited with error: exit status 2
[supervisor] restarting in 1s (attempt 1/5)
[supervisor] daemon exited with error: exit status 2
[supervisor] max restarts (5) exceeded, not restarting
Usage: python -m mcp_agent_mail.cli serve-http [OPTIONS]
Try 'python -m mcp_agent_mail.cli serve-http --help' for help.
╭─ Error ──────────────────────────────────────────────────────────────────────╮
│ Got unexpected extra argument (serve)                                        │
╰──────────────────────────────────────────────────────────────────────────────╯
[supervisor] daemon exited with error: exit status 2
[supervisor] restarting in 2s (attempt 2/5)
Usage: python -m mcp_agent_mail.cli serve-http [OPTIONS]
Try 'python -m mcp_agent_mail.cli serve-http --help' for help.
╭─ Error ──────────────────────────────────────────────────────────────────────╮
│ Got unexpected extra argument (serve)                                        │
╰──────────────────────────────────────────────────────────────────────────────╯
[supervisor] daemon exited with error: exit status 2
[supervisor] restarting in 4s (attempt 3/5)
Usage: python -m mcp_agent_mail.cli serve-http [OPTIONS]
Try 'python -m mcp_agent_mail.cli serve-http --help' for help.
╭─ Error ──────────────────────────────────────────────────────────────────────╮
│ Got unexpected extra argument (serve)                                        │
╰──────────────────────────────────────────────────────────────────────────────╯
[supervisor] daemon exited with error: exit status 2
[supervisor] restarting in 8s (attempt 4/5)
Usage: python -m mcp_agent_mail.cli serve-http [OPTIONS]
Try 'python -m mcp_agent_mail.cli serve-http --help' for help.
╭─ Error ──────────────────────────────────────────────────────────────────────╮
│ Got unexpected extra argument (serve)                                        │
╰──────────────────────────────────────────────────────────────────────────────╯
[supervisor] daemon exited with error: exit status 2
[supervisor] restarting in 16s (attempt 5/5)
Usage: python -m mcp_agent_mail.cli serve-http [OPTIONS]
Try 'python -m mcp_agent_mail.cli serve-http --help' for help.
╭─ Error ──────────────────────────────────────────────────────────────────────╮
│ Got unexpected extra argument (serve)                                        │
╰──────────────────────────────────────────────────────────────────────────────╯
[supervisor] daemon exited with error: exit status 2
[supervisor] max restarts (5) exceeded, not restarting
